<?xml version="1.0" encoding="UTF-8"?>
<!-- Generated by org.testng.reporters.JUnitReportReporter -->
<testsuite hostname="Syeds" failures="0" tests="1" name="testRunnerFiles.PostBasicAuthRunner" time="3.242" errors="0" timestamp="2022-03-01T12:38:18 IST" skipped="0">
  <testcase classname="testRunnerFiles.PostBasicAuthRunner" name="runScenario" time="3.242"/>
  <system-out/>
</testsuite> <!-- testRunnerFiles.PostBasicAuthRunner -->
