<?xml version="1.0" encoding="UTF-8"?>
<!-- Generated by org.testng.reporters.JUnitReportReporter -->
<testsuite hostname="Syeds" failures="0" tests="3" name="testRunnerFiles.ReqChainingPGDRunner" time="4.511" errors="0" timestamp="2022-03-01T15:49:41 IST" skipped="0">
  <testcase classname="testRunnerFiles.ReqChainingPGDRunner" name="runScenario" time="0.248"/>
  <system-out/>
  <testcase classname="testRunnerFiles.ReqChainingPGDRunner" name="runScenario" time="4.109"/>
  <system-out/>
  <testcase classname="testRunnerFiles.ReqChainingPGDRunner" name="runScenario" time="0.154"/>
  <system-out/>
</testsuite> <!-- testRunnerFiles.ReqChainingPGDRunner -->
