<?xml version="1.0" encoding="UTF-8"?>
<!-- Generated by org.testng.reporters.JUnitReportReporter -->
<testsuite hostname="Syeds" failures="0" tests="1" name="testRunnerFiles.GetBearerTokenAuth" time="7.084" errors="0" timestamp="2022-03-01T11:26:48 IST" skipped="0">
  <testcase classname="testRunnerFiles.GetBearerTokenAuth" name="runScenario" time="7.084"/>
  <system-out/>
</testsuite> <!-- testRunnerFiles.GetBearerTokenAuth -->
