<?xml version="1.0" encoding="UTF-8"?>
<!-- Generated by org.testng.reporters.JUnitReportReporter -->
<testsuite hostname="Syeds" failures="0" tests="1" name="testRunnerFiles.PostGetReqChainRunner" time="3.938" errors="0" timestamp="2022-03-01T13:13:50 IST" skipped="0">
  <testcase classname="testRunnerFiles.PostGetReqChainRunner" name="runScenario" time="3.938"/>
  <system-out/>
</testsuite> <!-- testRunnerFiles.PostGetReqChainRunner -->
