<?xml version="1.0" encoding="UTF-8"?>
<!-- Generated by org.testng.reporters.JUnitReportReporter -->
<testsuite hostname="Syeds" failures="0" tests="1" name="testRunnerFiles.PostRunner1" time="3.804" errors="0" timestamp="2022-02-25T17:49:45 IST" skipped="0">
  <testcase classname="testRunnerFiles.PostRunner1" name="runScenario" time="3.804"/>
  <system-out/>
</testsuite> <!-- testRunnerFiles.PostRunner1 -->
