<?xml version="1.0" encoding="UTF-8"?>
<!-- Generated by org.testng.reporters.JUnitReportReporter -->
<testsuite hostname="Syeds" failures="0" tests="1" name="testRunnerFiles.GetRunnerFile" time="2.488" errors="0" timestamp="2022-02-25T18:06:54 IST" skipped="0">
  <testcase classname="testRunnerFiles.GetRunnerFile" name="runScenario" time="2.488"/>
  <system-out/>
</testsuite> <!-- testRunnerFiles.GetRunnerFile -->
