<?xml version="1.0" encoding="UTF-8"?>
<!-- Generated by org.testng.reporters.JUnitReportReporter -->
<testsuite hostname="Syeds" failures="0" tests="1" name="testRunnerFiles.Oauth2SymfonycastsRunner" time="4.226" errors="0" timestamp="2022-03-01T12:24:36 IST" skipped="0">
  <testcase classname="testRunnerFiles.Oauth2SymfonycastsRunner" name="runScenario" time="4.226"/>
  <system-out/>
</testsuite> <!-- testRunnerFiles.Oauth2SymfonycastsRunner -->
